
################################################################################
#
# This file has been generated by SpyGlass:
#     Report Name      : moresimple
#     Report Created by: u111060003
#     Report Created on:  Sun Mar 16 22:12:22 2025
#     Working Directory: /home/u111/u111060003/spyglass/spyglass_example/spyglass
#     SpyGlass Version : SpyGlass_vR-2020.12-SP2
#     Policy Name      : SpyGlass(SpyGlass_vR-2020.12-SP2)
#                        clock-reset(SpyGlass_vR-2020.12-SP2)
#                        erc(SpyGlass_vR-2020.12-SP2)
#                        latch(SpyGlass_vR-2020.12-SP2)
#                        lint(SpyGlass_vR-2020.12-SP2)
#                        morelint(SpyGlass_vR-2020.12-SP2)
#                        openmore(SpyGlass_vR-2020.12-SP2)
#                        power_est(SpyGlass_vR-2020.12-SP2)
#                        simulation(SpyGlass_vR-2020.12-SP2)
#                        starc(SpyGlass_vR-2020.12-SP2)
#                        starc2005(SpyGlass_vR-2020.12-SP2)
#                        txv(SpyGlass_vR-2020.12-SP2)
#
#     Total Number of Generated Messages :         10
#     Number of Waived Messages          :          0
#     Number of Reported Messages        :         10
#     Number of Overlimit Messages       :          0
#
#
################################################################################

+++++++++++++++++++++++++++++++++++++++++++++++++++++++++++++++++++++++
MORESIMPLE REPORT:
############### FATAL MESSAGES ############### 
+++++++++++++++++++++++++++++++++++++++++++++++++++++++++++++++++++++++++++++++++
ID       Rule          Alias         Severity    File              Line    Wt      Message
======================================================================================
[0]      STX_VE_606    STX_VE_606    Syntax      ./../hdl/fir.v    73      1000    Identifier ( ap_idle ) not declared in current scope
[1]      STX_VE_606    STX_VE_606    Syntax      ./../hdl/fir.v    74      1000    Identifier ( k ) not declared in current scope
[2]      STX_VE_606    STX_VE_606    Syntax      ./../hdl/fir.v    74      1000    Identifier ( k ) not declared in current scope
[3]      STX_VE_606    STX_VE_606    Syntax      ./../hdl/fir.v    76      1000    Identifier ( tap_AR ) not declared in current scope
[4]      STX_VE_606    STX_VE_606    Syntax      ./../hdl/fir.v    79      1000    Identifier ( ap_control ) not declared in current scope
[5]      STX_VE_606    STX_VE_606    Syntax      ./../hdl/fir.v    262     1000    Identifier ( data_output_length ) not declared in current scope
[6]      STX_VE_606    STX_VE_606    Syntax      ./../hdl/fir.v    312     1000    Identifier ( k ) not declared in current scope
[7]      STX_VE_606    STX_VE_606    Syntax      ./../hdl/fir.v    313     1000    Identifier ( data_A_tmp ) not declared in current scope
[8]      STX_VE_606    STX_VE_606    Syntax      ./../hdl/fir.v    324     1000    Identifier ( k ) not declared in current scope
[9]      STX_VE_606    STX_VE_606    Syntax      ./../hdl/fir.v    422     1000    Identifier ( data_output_length ) not declared in current scope
+++++++++++++++++++++++++++++++++++++++++++++++++++++++++++++++++++++++++++++++++++++++

################################################################################
#
# This file has been generated by SpyGlass:
#     Report Name      : moresimple
#     Report Created by: u111060003
#     Report Created on: Sun Mar 16 22:12:35 2025
#     Working Directory: /home/u111/u111060003/spyglass/spyglass_example/spyglass
#     SpyGlass Version : SpyGlass_vR-2020.12-SP2
#     Policy Name      : SpyGlass(SpyGlass_vR-2020.12-SP2)
#                        auto-verify(SpyGlass_vR-2020.12-SP2)
#                        erc(SpyGlass_vR-2020.12-SP2)
#                        latch(SpyGlass_vR-2020.12-SP2)
#                        lint(SpyGlass_vR-2020.12-SP2)
#                        morelint(SpyGlass_vR-2020.12-SP2)
#                        openmore(SpyGlass_vR-2020.12-SP2)
#                        simulation(SpyGlass_vR-2020.12-SP2)
#                        starc(SpyGlass_vR-2020.12-SP2)
#                        starc2005(SpyGlass_vR-2020.12-SP2)
#
#     Total Number of Generated Primary Messages   :         12
#     Total Number of Generated Secondary Messages :          0
#     Number of Waived Primary Messages            :          0
#     Number of Waived Secondary Messages          :          0
#     Number of Reported Primary Messages          :         12
#     Number of Overlimit Messages                 :          0
#
#
################################################################################

++++++++++++++++++++++++++++++++++++++++++++++++++++++++++++++++++++++++++++++++++++++++++++++++++++++++++++++++
MORESIMPLE REPORT:
############### FATAL MESSAGES ############### 
++++++++++++++++++++++++++++++++++++++++++++++++++++++++++++++++++++++++++++++++++++++++++++++++++++++++++++++++++
ID       Rule          Alias         Severity    File              Line    Wt      Secondary Msg Count    Message
========================================================================================================================
[2]      STX_VE_606    STX_VE_606    Syntax      ./../hdl/fir.v    73      1000    NA                     Identifier ( ap_idle ) not declared in current scope
[3]      STX_VE_606    STX_VE_606    Syntax      ./../hdl/fir.v    74      1000    NA                     Identifier ( k ) not declared in current scope
[4]      STX_VE_606    STX_VE_606    Syntax      ./../hdl/fir.v    74      1000    NA                     Identifier ( k ) not declared in current scope
[5]      STX_VE_606    STX_VE_606    Syntax      ./../hdl/fir.v    76      1000    NA                     Identifier ( tap_AR ) not declared in current scope
[6]      STX_VE_606    STX_VE_606    Syntax      ./../hdl/fir.v    79      1000    NA                     Identifier ( ap_control ) not declared in current scope
[7]      STX_VE_606    STX_VE_606    Syntax      ./../hdl/fir.v    262     1000    NA                     Identifier ( data_output_length ) not declared in current scope
[8]      STX_VE_606    STX_VE_606    Syntax      ./../hdl/fir.v    312     1000    NA                     Identifier ( k ) not declared in current scope
[9]      STX_VE_606    STX_VE_606    Syntax      ./../hdl/fir.v    313     1000    NA                     Identifier ( data_A_tmp ) not declared in current scope
[A]      STX_VE_606    STX_VE_606    Syntax      ./../hdl/fir.v    324     1000    NA                     Identifier ( k ) not declared in current scope
[B]      STX_VE_606    STX_VE_606    Syntax      ./../hdl/fir.v    422     1000    NA                     Identifier ( data_output_length ) not declared in current scope
+++++++++++++++++++++++++++++++++++++++++++++++++++++++++++++++++++++++++++++++++++++++++++++++++++++++++++++++++++++++


############### BuiltIn -> RuleGroup=Command-line read ###############
++++++++++++++++++++++++++++++++++++++++++++++++++++++++++++++++++++++++++++++++++++++++++++++++++++++++++++++++++++++++
ID       Rule                     Alias          Severity    File    Line    Wt    Secondary Msg Count    Message
========================================================================================================================
[0]      checkCMD_unset_option    UnsetOption    Warning     N.A.    0       10    NA                     Option/Parameter 'enable_save_restore': Feature 'save-restore' is not supported with option 'policy=auto-verify'.Disabling all 'save-restore' related options
+++++++++++++++++++++++++++++++++++++++++++++++++++++++++++++++++++++++++++++++++++++++++++++++++++++++++++++++++++++++


############### BuiltIn -> RuleGroup=Design Read ###############
++++++++++++++++++++++++++++++++++++++++++++++++++++++++++++++++++++++++++++++++++++++++++++++++++++++++++++++++++++++++
ID       Rule               Alias              Severity    File    Line    Wt    Secondary Msg Count    Message
========================================================================================================================
[1]      TurboModeStatus    TurboModeStatus    Info        N.A.    0       10    NA                     Turbo-Mode is enabled in the current run as turbo_struct license feature successfully checked out
+++++++++++++++++++++++++++++++++++++++++++++++++++++++++++++++++++++++++++++++++++++++++++++++++++++++++++++++++++++++

################################################################################
#
# This file has been generated by SpyGlass:
#     Report Name      : moresimple
#     Report Created by: u111060003
#     Report Created on:  Sun Mar 16 22:12:42 2025
#     Working Directory: /home/u111/u111060003/spyglass/spyglass_example/spyglass
#     SpyGlass Version : SpyGlass_vR-2020.12-SP2
#     Policy Name      : SpyGlass(SpyGlass_vR-2020.12-SP2)
#                        auto-verify(SpyGlass_vR-2020.12-SP2)
#
#     Total Number of Generated Messages :         11
#     Number of Waived Messages          :          0
#     Number of Reported Messages        :         11
#     Number of Overlimit Messages       :          0
#
#
################################################################################

+++++++++++++++++++++++++++++++++++++++++++++++++++++++++++++++++++++++
MORESIMPLE REPORT:
############### FATAL MESSAGES ############### 
+++++++++++++++++++++++++++++++++++++++++++++++++++++++++++++++++++++++++++++++++
ID       Rule          Alias         Severity    File              Line    Wt      Message
======================================================================================
[1]      STX_VE_606    STX_VE_606    Syntax      ./../hdl/fir.v    73      1000    Identifier ( ap_idle ) not declared in current scope
[2]      STX_VE_606    STX_VE_606    Syntax      ./../hdl/fir.v    74      1000    Identifier ( k ) not declared in current scope
[3]      STX_VE_606    STX_VE_606    Syntax      ./../hdl/fir.v    74      1000    Identifier ( k ) not declared in current scope
[4]      STX_VE_606    STX_VE_606    Syntax      ./../hdl/fir.v    76      1000    Identifier ( tap_AR ) not declared in current scope
[5]      STX_VE_606    STX_VE_606    Syntax      ./../hdl/fir.v    79      1000    Identifier ( ap_control ) not declared in current scope
[6]      STX_VE_606    STX_VE_606    Syntax      ./../hdl/fir.v    262     1000    Identifier ( data_output_length ) not declared in current scope
[7]      STX_VE_606    STX_VE_606    Syntax      ./../hdl/fir.v    312     1000    Identifier ( k ) not declared in current scope
[8]      STX_VE_606    STX_VE_606    Syntax      ./../hdl/fir.v    313     1000    Identifier ( data_A_tmp ) not declared in current scope
[9]      STX_VE_606    STX_VE_606    Syntax      ./../hdl/fir.v    324     1000    Identifier ( k ) not declared in current scope
[A]      STX_VE_606    STX_VE_606    Syntax      ./../hdl/fir.v    422     1000    Identifier ( data_output_length ) not declared in current scope
+++++++++++++++++++++++++++++++++++++++++++++++++++++++++++++++++++++++++++++++++++++++


############### BuiltIn -> RuleGroup=Command-line read ###############
+++++++++++++++++++++++++++++++++++++++++++++++++++++++++++++++++++++++++++++++++++++++
ID       Rule                     Alias          Severity    File    Line    Wt    Message
======================================================================================
[0]      checkCMD_unset_option    UnsetOption    Warning     N.A.    0       10    Option/Parameter 'enable_save_restore': Feature 'save-restore' is not supported with option 'policy=auto-verify'.Disabling all 'save-restore' related options
+++++++++++++++++++++++++++++++++++++++++++++++++++++++++++++++++++++++++++++++++++++++

################################################################################
#
# This file has been generated by SpyGlass:
#     Report Name      : moresimple
#     Report Created by: u111060003
#     Report Created on:  Sun Mar 16 22:12:57 2025
#     Working Directory: /home/u111/u111060003/spyglass/spyglass_example/spyglass
#     SpyGlass Version : SpyGlass_vR-2020.12-SP2
#     Policy Name      : SpyGlass(SpyGlass_vR-2020.12-SP2)
#                        clock-reset(SpyGlass_vR-2020.12-SP2)
#                        lint(SpyGlass_vR-2020.12-SP2)
#                        morelint(SpyGlass_vR-2020.12-SP2)
#                        power_est(SpyGlass_vR-2020.12-SP2)
#                        starc(SpyGlass_vR-2020.12-SP2)
#                        txv(SpyGlass_vR-2020.12-SP2)
#
#     Total Number of Generated Messages :         10
#     Number of Waived Messages          :          0
#     Number of Reported Messages        :         10
#     Number of Overlimit Messages       :          0
#
#
################################################################################

+++++++++++++++++++++++++++++++++++++++++++++++++++++++++++++++++++++++
MORESIMPLE REPORT:
############### FATAL MESSAGES ############### 
+++++++++++++++++++++++++++++++++++++++++++++++++++++++++++++++++++++++++++++++++
ID       Rule          Alias         Severity    File              Line    Wt      Message
======================================================================================
[0]      STX_VE_606    STX_VE_606    Syntax      ./../hdl/fir.v    73      1000    Identifier ( ap_idle ) not declared in current scope
[1]      STX_VE_606    STX_VE_606    Syntax      ./../hdl/fir.v    74      1000    Identifier ( k ) not declared in current scope
[2]      STX_VE_606    STX_VE_606    Syntax      ./../hdl/fir.v    74      1000    Identifier ( k ) not declared in current scope
[3]      STX_VE_606    STX_VE_606    Syntax      ./../hdl/fir.v    76      1000    Identifier ( tap_AR ) not declared in current scope
[4]      STX_VE_606    STX_VE_606    Syntax      ./../hdl/fir.v    79      1000    Identifier ( ap_control ) not declared in current scope
[5]      STX_VE_606    STX_VE_606    Syntax      ./../hdl/fir.v    262     1000    Identifier ( data_output_length ) not declared in current scope
[6]      STX_VE_606    STX_VE_606    Syntax      ./../hdl/fir.v    312     1000    Identifier ( k ) not declared in current scope
[7]      STX_VE_606    STX_VE_606    Syntax      ./../hdl/fir.v    313     1000    Identifier ( data_A_tmp ) not declared in current scope
[8]      STX_VE_606    STX_VE_606    Syntax      ./../hdl/fir.v    324     1000    Identifier ( k ) not declared in current scope
[9]      STX_VE_606    STX_VE_606    Syntax      ./../hdl/fir.v    422     1000    Identifier ( data_output_length ) not declared in current scope
+++++++++++++++++++++++++++++++++++++++++++++++++++++++++++++++++++++++++++++++++++++++
