Time resolution is 1 ps
------------Start simulation-----------
----Start the data input(AXI-Stream)----
----Start the coefficient input(AXI-lite)----
 Check Coefficient ...
OK: exp =           8, rdata =           8
OK: exp =           9, rdata =           9
OK: exp =           9, rdata =           9
OK: exp =           7, rdata =           7
OK: exp =           2, rdata =           2
OK: exp =          -4, rdata =          -4
OK: exp =          -1, rdata =          -1
OK: exp =           4, rdata =           4
OK: exp =          -4, rdata =          -4
OK: exp =          -9, rdata =          -9
OK: exp =           4, rdata =           4
OK: exp =          -3, rdata =          -3
OK: exp =           9, rdata =           9
OK: exp =          -4, rdata =          -4
OK: exp =           9, rdata =           9
OK: exp =           8, rdata =           8
OK: exp =           8, rdata =           8
OK: exp =           1, rdata =           1
OK: exp =         -10, rdata =         -10
OK: exp =          -9, rdata =          -9
OK: exp =           6, rdata =           6
OK: exp =           1, rdata =           1
OK: exp =           2, rdata =           2
OK: exp =          -3, rdata =          -3
OK: exp =           1, rdata =           1
OK: exp =          -4, rdata =          -4
OK: exp =          -3, rdata =          -3
OK: exp =          -9, rdata =          -9
OK: exp =          -3, rdata =          -3
OK: exp =          10, rdata =          10
OK: exp =          -3, rdata =          -3
OK: exp =           7, rdata =           7
 Tape programming done ...
 Start FIR
----End the coefficient input(AXI-lite)----
[PASS] [Pattern          0] Golden answer:      579872, Your answer:      579872
[PASS] [Pattern          1] Golden answer:      -63420, Your answer:      -63420
[PASS] [Pattern          2] Golden answer:       -3924, Your answer:       -3924
[PASS] [Pattern          3] Golden answer:     -413927, Your answer:     -413927
[PASS] [Pattern          4] Golden answer:     -627708, Your answer:     -627708
[PASS] [Pattern          5] Golden answer:     -473194, Your answer:     -473194
[PASS] [Pattern          6] Golden answer:      975047, Your answer:      975047
[PASS] [Pattern          7] Golden answer:     1123529, Your answer:     1123529
[PASS] [Pattern          8] Golden answer:     -484287, Your answer:     -484287
[PASS] [Pattern          9] Golden answer:    -1084694, Your answer:    -1084694
[PASS] [Pattern         10] Golden answer:     -449984, Your answer:     -449984
[PASS] [Pattern         11] Golden answer:    -2700640, Your answer:    -2700640
[PASS] [Pattern         12] Golden answer:       98917, Your answer:       98917
[PASS] [Pattern         13] Golden answer:    -1680870, Your answer:    -1680870
[PASS] [Pattern         14] Golden answer:       83571, Your answer:       83571
[PASS] [Pattern         15] Golden answer:    -1828558, Your answer:    -1828558
[PASS] [Pattern         16] Golden answer:     1212443, Your answer:     1212443
[PASS] [Pattern         17] Golden answer:     1170330, Your answer:     1170330
[PASS] [Pattern         18] Golden answer:      924345, Your answer:      924345
[PASS] [Pattern         19] Golden answer:      792689, Your answer:      792689
[PASS] [Pattern         20] Golden answer:     1907218, Your answer:     1907218
[PASS] [Pattern         21] Golden answer:      -60628, Your answer:      -60628
[PASS] [Pattern         22] Golden answer:      206169, Your answer:      206169
[PASS] [Pattern         23] Golden answer:    -4181193, Your answer:    -4181193
[PASS] [Pattern         24] Golden answer:    -2412718, Your answer:    -2412718
[PASS] [Pattern         25] Golden answer:    -2302417, Your answer:    -2302417
[PASS] [Pattern         26] Golden answer:      784523, Your answer:      784523
[PASS] [Pattern         27] Golden answer:        4321, Your answer:        4321
[PASS] [Pattern         28] Golden answer:     -592428, Your answer:     -592428
[PASS] [Pattern         29] Golden answer:      610152, Your answer:      610152
[PASS] [Pattern         30] Golden answer:     1072771, Your answer:     1072771
[PASS] [Pattern         31] Golden answer:     3065719, Your answer:     3065719
[PASS] [Pattern         32] Golden answer:    -1379510, Your answer:    -1379510
[PASS] [Pattern         33] Golden answer:     1183287, Your answer:     1183287
[PASS] [Pattern         34] Golden answer:    -1053617, Your answer:    -1053617
[PASS] [Pattern         35] Golden answer:      648512, Your answer:      648512
[PASS] [Pattern         36] Golden answer:    -1169985, Your answer:    -1169985
[PASS] [Pattern         37] Golden answer:     -392382, Your answer:     -392382
[PASS] [Pattern         38] Golden answer:     2251518, Your answer:     2251518
[PASS] [Pattern         39] Golden answer:        5947, Your answer:        5947
[PASS] [Pattern         40] Golden answer:     1063925, Your answer:     1063925
[PASS] [Pattern         41] Golden answer:     2717587, Your answer:     2717587
[PASS] [Pattern         42] Golden answer:    -2771821, Your answer:    -2771821
[PASS] [Pattern         43] Golden answer:      -70635, Your answer:      -70635
[PASS] [Pattern         44] Golden answer:     1354021, Your answer:     1354021
[PASS] [Pattern         45] Golden answer:      736168, Your answer:      736168
[PASS] [Pattern         46] Golden answer:     1378025, Your answer:     1378025
[PASS] [Pattern         47] Golden answer:     -504235, Your answer:     -504235
[PASS] [Pattern         48] Golden answer:    -3081791, Your answer:    -3081791
[PASS] [Pattern         49] Golden answer:    -3041374, Your answer:    -3041374
[PASS] [Pattern         50] Golden answer:     2328965, Your answer:     2328965
[PASS] [Pattern         51] Golden answer:     -764401, Your answer:     -764401
[PASS] [Pattern         52] Golden answer:      686246, Your answer:      686246
[PASS] [Pattern         53] Golden answer:     -349690, Your answer:     -349690
[PASS] [Pattern         54] Golden answer:     4540077, Your answer:     4540077
[PASS] [Pattern         55] Golden answer:     2296764, Your answer:     2296764
[PASS] [Pattern         56] Golden answer:    -2900108, Your answer:    -2900108
[PASS] [Pattern         57] Golden answer:      552702, Your answer:      552702
[PASS] [Pattern         58] Golden answer:      821118, Your answer:      821118
[PASS] [Pattern         59] Golden answer:     1756081, Your answer:     1756081
[PASS] [Pattern         60] Golden answer:    -1040654, Your answer:    -1040654
[PASS] [Pattern         61] Golden answer:    -1927769, Your answer:    -1927769
[PASS] [Pattern         62] Golden answer:    -2224488, Your answer:    -2224488
[PASS] [Pattern         63] Golden answer:    -1181455, Your answer:    -1181455
[PASS] [Pattern         64] Golden answer:    -3577650, Your answer:    -3577650
[PASS] [Pattern         65] Golden answer:     -192821, Your answer:     -192821
[PASS] [Pattern         66] Golden answer:     -203195, Your answer:     -203195
[PASS] [Pattern         67] Golden answer:      832532, Your answer:      832532
[PASS] [Pattern         68] Golden answer:      440780, Your answer:      440780
[PASS] [Pattern         69] Golden answer:      236307, Your answer:      236307
[PASS] [Pattern         70] Golden answer:     -679960, Your answer:     -679960
[PASS] [Pattern         71] Golden answer:     2865690, Your answer:     2865690
[PASS] [Pattern         72] Golden answer:      262111, Your answer:      262111
[PASS] [Pattern         73] Golden answer:     -937636, Your answer:     -937636
[PASS] [Pattern         74] Golden answer:    -3917553, Your answer:    -3917553
[PASS] [Pattern         75] Golden answer:     -857994, Your answer:     -857994
[PASS] [Pattern         76] Golden answer:      652798, Your answer:      652798
[PASS] [Pattern         77] Golden answer:    -3303218, Your answer:    -3303218
[PASS] [Pattern         78] Golden answer:    -1943787, Your answer:    -1943787
[PASS] [Pattern         79] Golden answer:     2206654, Your answer:     2206654
[PASS] [Pattern         80] Golden answer:     1902933, Your answer:     1902933
[PASS] [Pattern         81] Golden answer:      354350, Your answer:      354350
[PASS] [Pattern         82] Golden answer:     -938665, Your answer:     -938665
[PASS] [Pattern         83] Golden answer:      350953, Your answer:      350953
[PASS] [Pattern         84] Golden answer:      530468, Your answer:      530468
[PASS] [Pattern         85] Golden answer:     3579864, Your answer:     3579864
[PASS] [Pattern         86] Golden answer:     3431688, Your answer:     3431688
[PASS] [Pattern         87] Golden answer:     1663486, Your answer:     1663486
[PASS] [Pattern         88] Golden answer:      620667, Your answer:      620667
[PASS] [Pattern         89] Golden answer:      360331, Your answer:      360331
[PASS] [Pattern         90] Golden answer:     -176046, Your answer:     -176046
[PASS] [Pattern         91] Golden answer:     -947081, Your answer:     -947081
[PASS] [Pattern         92] Golden answer:    -1126852, Your answer:    -1126852
[PASS] [Pattern         93] Golden answer:     4419893, Your answer:     4419893
[PASS] [Pattern         94] Golden answer:      127269, Your answer:      127269
[PASS] [Pattern         95] Golden answer:    -1325080, Your answer:    -1325080
[PASS] [Pattern         96] Golden answer:     1400744, Your answer:     1400744
[PASS] [Pattern         97] Golden answer:      329021, Your answer:      329021
[PASS] [Pattern         98] Golden answer:     1540669, Your answer:     1540669
OK: exp =           0, rdata =           0
------End the data input(AXI-Stream)------
[PASS] [Pattern         99] Golden answer:     1587515, Your answer:     1587515
OK: exp =           2, rdata =           6
OK: exp =           4, rdata =           6
---------------------------------------------
-----------Congratulations! Pass-------------
$finish called at time : 201525 ns : File "/home/ubuntu/Vivado/Fir/Fir.srcs/sim_1/new/tb.v" Line 212
