
*** Running vivado
    with args -log fir.vds -m64 -product Vivado -mode batch -messageDb vivado.pb -notrace -source fir.tcl


****** Vivado v2022.1 (64-bit)
  **** SW Build 3526262 on Mon Apr 18 15:47:01 MDT 2022
  **** IP Build 3524634 on Mon Apr 18 20:55:01 MDT 2022
    ** Copyright 1986-2022 Xilinx, Inc. All Rights Reserved.

source fir.tcl -notrace
create_project: Time (s): cpu = 00:00:07 ; elapsed = 00:00:07 . Memory (MB): peak = 2874.363 ; gain = 0.023 ; free physical = 3645 ; free virtual = 7584
Command: synth_design -top fir -part xc7z020clg400-1
Starting synth_design
Attempting to get a license for feature 'Synthesis' and/or device 'xc7z020'
INFO: [Common 17-349] Got license for feature 'Synthesis' and/or device 'xc7z020'
INFO: [Synth 8-7079] Multithreading enabled for synth_design using a maximum of 4 processes.
INFO: [Synth 8-7078] Launching helper process for spawning children vivado processes
INFO: [Synth 8-7075] Helper process launched with PID 111021
WARNING: [Synth 8-6901] identifier 'ap_idle' is used before its declaration [/home/ubuntu/Vivado/Fir/Fir.srcs/sources_1/new/fir.v:73]
WARNING: [Synth 8-6901] identifier 'tap_AR' is used before its declaration [/home/ubuntu/Vivado/Fir/Fir.srcs/sources_1/new/fir.v:73]
WARNING: [Synth 8-6901] identifier 'tap_AR' is used before its declaration [/home/ubuntu/Vivado/Fir/Fir.srcs/sources_1/new/fir.v:73]
WARNING: [Synth 8-6901] identifier 'k' is used before its declaration [/home/ubuntu/Vivado/Fir/Fir.srcs/sources_1/new/fir.v:74]
WARNING: [Synth 8-6901] identifier 'k' is used before its declaration [/home/ubuntu/Vivado/Fir/Fir.srcs/sources_1/new/fir.v:74]
WARNING: [Synth 8-6901] identifier 'tap_AR' is used before its declaration [/home/ubuntu/Vivado/Fir/Fir.srcs/sources_1/new/fir.v:76]
WARNING: [Synth 8-6901] identifier 'ap_control' is used before its declaration [/home/ubuntu/Vivado/Fir/Fir.srcs/sources_1/new/fir.v:79]
WARNING: [Synth 8-9887] parameter declaration becomes local in 'fir' with formal parameter declaration list [/home/ubuntu/Vivado/Fir/Fir.srcs/sources_1/new/fir.v:156]
WARNING: [Synth 8-9887] parameter declaration becomes local in 'fir' with formal parameter declaration list [/home/ubuntu/Vivado/Fir/Fir.srcs/sources_1/new/fir.v:157]
WARNING: [Synth 8-9887] parameter declaration becomes local in 'fir' with formal parameter declaration list [/home/ubuntu/Vivado/Fir/Fir.srcs/sources_1/new/fir.v:158]
WARNING: [Synth 8-9887] parameter declaration becomes local in 'fir' with formal parameter declaration list [/home/ubuntu/Vivado/Fir/Fir.srcs/sources_1/new/fir.v:215]
WARNING: [Synth 8-9887] parameter declaration becomes local in 'fir' with formal parameter declaration list [/home/ubuntu/Vivado/Fir/Fir.srcs/sources_1/new/fir.v:216]
WARNING: [Synth 8-6901] identifier 'data_output_length' is used before its declaration [/home/ubuntu/Vivado/Fir/Fir.srcs/sources_1/new/fir.v:262]
WARNING: [Synth 8-9887] parameter declaration becomes local in 'fir' with formal parameter declaration list [/home/ubuntu/Vivado/Fir/Fir.srcs/sources_1/new/fir.v:264]
WARNING: [Synth 8-9887] parameter declaration becomes local in 'fir' with formal parameter declaration list [/home/ubuntu/Vivado/Fir/Fir.srcs/sources_1/new/fir.v:265]
WARNING: [Synth 8-6901] identifier 'k' is used before its declaration [/home/ubuntu/Vivado/Fir/Fir.srcs/sources_1/new/fir.v:312]
WARNING: [Synth 8-6901] identifier 'data_A_tmp' is used before its declaration [/home/ubuntu/Vivado/Fir/Fir.srcs/sources_1/new/fir.v:313]
WARNING: [Synth 8-6901] identifier 'k' is used before its declaration [/home/ubuntu/Vivado/Fir/Fir.srcs/sources_1/new/fir.v:324]
WARNING: [Synth 8-6901] identifier 'data_output_length' is used before its declaration [/home/ubuntu/Vivado/Fir/Fir.srcs/sources_1/new/fir.v:422]
---------------------------------------------------------------------------------
Starting Synthesize : Time (s): cpu = 00:00:06 ; elapsed = 00:00:06 . Memory (MB): peak = 2874.363 ; gain = 0.000 ; free physical = 3198 ; free virtual = 7146
---------------------------------------------------------------------------------
INFO: [Synth 8-6157] synthesizing module 'fir' [/home/ubuntu/Vivado/Fir/Fir.srcs/sources_1/new/fir.v:1]
INFO: [Synth 8-226] default block is never used [/home/ubuntu/Vivado/Fir/Fir.srcs/sources_1/new/fir.v:219]
INFO: [Synth 8-226] default block is never used [/home/ubuntu/Vivado/Fir/Fir.srcs/sources_1/new/fir.v:268]
INFO: [Synth 8-5575] Util Can't resize: variable case item [/home/ubuntu/Vivado/Fir/Fir.srcs/sources_1/new/fir.v:337]
INFO: [Synth 8-6155] done synthesizing module 'fir' (0#1) [/home/ubuntu/Vivado/Fir/Fir.srcs/sources_1/new/fir.v:1]
WARNING: [Synth 8-6014] Unused sequential element data_input_length_reg was removed.  [/home/ubuntu/Vivado/Fir/Fir.srcs/sources_1/new/fir.v:427]
WARNING: [Synth 8-3917] design fir has port tap_A[11] driven by constant 0
WARNING: [Synth 8-3917] design fir has port tap_A[10] driven by constant 0
WARNING: [Synth 8-3917] design fir has port tap_A[9] driven by constant 0
WARNING: [Synth 8-3917] design fir has port tap_A[8] driven by constant 0
WARNING: [Synth 8-3917] design fir has port data_EN driven by constant 1
---------------------------------------------------------------------------------
Finished Synthesize : Time (s): cpu = 00:00:08 ; elapsed = 00:00:09 . Memory (MB): peak = 2874.363 ; gain = 0.000 ; free physical = 3258 ; free virtual = 7213
---------------------------------------------------------------------------------
---------------------------------------------------------------------------------
Finished Constraint Validation : Time (s): cpu = 00:00:09 ; elapsed = 00:00:10 . Memory (MB): peak = 2874.363 ; gain = 0.000 ; free physical = 3261 ; free virtual = 7216
---------------------------------------------------------------------------------
---------------------------------------------------------------------------------
Start Loading Part and Timing Information
---------------------------------------------------------------------------------
Loading part: xc7z020clg400-1
INFO: [Device 21-403] Loading part xc7z020clg400-1
---------------------------------------------------------------------------------
Finished Loading Part and Timing Information : Time (s): cpu = 00:00:09 ; elapsed = 00:00:10 . Memory (MB): peak = 2882.367 ; gain = 8.004 ; free physical = 3261 ; free virtual = 7216
---------------------------------------------------------------------------------
INFO: [Synth 8-802] inferred FSM for state register 'ap_state_reg' in module 'fir'
---------------------------------------------------------------------------------------------------
                   State |                     New Encoding |                Previous Encoding 
---------------------------------------------------------------------------------------------------
                  APINIT |                               00 |                               00
                  APIDLE |                               01 |                               01
                  APDONE |                               10 |                               10
---------------------------------------------------------------------------------------------------
INFO: [Synth 8-3354] encoded FSM with state register 'ap_state_reg' using encoding 'sequential' in module 'fir'
---------------------------------------------------------------------------------
Finished RTL Optimization Phase 2 : Time (s): cpu = 00:00:09 ; elapsed = 00:00:10 . Memory (MB): peak = 2882.367 ; gain = 8.004 ; free physical = 3213 ; free virtual = 7173
---------------------------------------------------------------------------------
No constraint files found.
---------------------------------------------------------------------------------
Start RTL Component Statistics 
---------------------------------------------------------------------------------
Detailed RTL Component Info : 
+---Adders : 
	   3 Input   33 Bit       Adders := 2     
	   2 Input   32 Bit       Adders := 6     
	   4 Input   12 Bit       Adders := 1     
	   2 Input    8 Bit       Adders := 1     
	   2 Input    6 Bit       Adders := 2     
+---Registers : 
	               32 Bit    Registers := 6     
	               12 Bit    Registers := 1     
	                6 Bit    Registers := 2     
	                3 Bit    Registers := 1     
	                1 Bit    Registers := 9     
+---Multipliers : 
	              32x32  Multipliers := 1     
+---Muxes : 
	   2 Input   32 Bit        Muxes := 13    
	   2 Input   12 Bit        Muxes := 7     
	   2 Input    8 Bit        Muxes := 1     
	   2 Input    7 Bit        Muxes := 1     
	   2 Input    6 Bit        Muxes := 2     
	   3 Input    6 Bit        Muxes := 1     
	   2 Input    4 Bit        Muxes := 1     
	   2 Input    3 Bit        Muxes := 2     
	   3 Input    3 Bit        Muxes := 1     
	   3 Input    2 Bit        Muxes := 1     
	   2 Input    2 Bit        Muxes := 3     
	   2 Input    1 Bit        Muxes := 10    
	   3 Input    1 Bit        Muxes := 1     
---------------------------------------------------------------------------------
Finished RTL Component Statistics 
---------------------------------------------------------------------------------
---------------------------------------------------------------------------------
Start Part Resource Summary
---------------------------------------------------------------------------------
Part Resources:
DSPs: 220 (col length:60)
BRAMs: 280 (col length: RAMB18 60 RAMB36 30)
---------------------------------------------------------------------------------
Finished Part Resource Summary
---------------------------------------------------------------------------------
No constraint files found.
---------------------------------------------------------------------------------
Start Cross Boundary and Area Optimization
---------------------------------------------------------------------------------
WARNING: [Synth 8-7080] Parallel synthesis criteria is not met
DSP Report: Generating DSP m_tmp_reg1, operation Mode is: A*B.
DSP Report: operator m_tmp_reg1 is absorbed into DSP m_tmp_reg1.
DSP Report: operator m_tmp_reg1 is absorbed into DSP m_tmp_reg1.
DSP Report: Generating DSP m_tmp_reg1, operation Mode is: (PCIN>>17)+A*B.
DSP Report: operator m_tmp_reg1 is absorbed into DSP m_tmp_reg1.
DSP Report: operator m_tmp_reg1 is absorbed into DSP m_tmp_reg1.
DSP Report: Generating DSP m_tmp_reg1, operation Mode is: A*B.
DSP Report: operator m_tmp_reg1 is absorbed into DSP m_tmp_reg1.
DSP Report: operator m_tmp_reg1 is absorbed into DSP m_tmp_reg1.
DSP Report: Generating DSP m_tmp_reg1, operation Mode is: (PCIN>>17)+A*B.
DSP Report: operator m_tmp_reg1 is absorbed into DSP m_tmp_reg1.
DSP Report: operator m_tmp_reg1 is absorbed into DSP m_tmp_reg1.
WARNING: [Synth 8-3917] design fir has port tap_A[11] driven by constant 0
WARNING: [Synth 8-3917] design fir has port tap_A[10] driven by constant 0
WARNING: [Synth 8-3917] design fir has port tap_A[9] driven by constant 0
WARNING: [Synth 8-3917] design fir has port tap_A[8] driven by constant 0
WARNING: [Synth 8-3917] design fir has port tap_A[7] driven by constant 0
WARNING: [Synth 8-3917] design fir has port data_EN driven by constant 1
---------------------------------------------------------------------------------
Finished Cross Boundary and Area Optimization : Time (s): cpu = 00:00:18 ; elapsed = 00:00:20 . Memory (MB): peak = 2882.367 ; gain = 8.004 ; free physical = 2882 ; free virtual = 6880
---------------------------------------------------------------------------------
---------------------------------------------------------------------------------
Start ROM, RAM, DSP, Shift Register and Retiming Reporting
---------------------------------------------------------------------------------

DSP: Preliminary Mapping Report (see note below. The ' indicates corresponding REG is set)
+------------+----------------+--------+--------+--------+--------+--------+------+------+------+------+-------+------+------+
|Module Name | DSP Mapping    | A Size | B Size | C Size | D Size | P Size | AREG | BREG | CREG | DREG | ADREG | MREG | PREG | 
+------------+----------------+--------+--------+--------+--------+--------+------+------+------+------+-------+------+------+
|fir         | A*B            | 18     | 18     | -      | -      | 48     | 0    | 0    | -    | -    | -     | 0    | 0    | 
|fir         | (PCIN>>17)+A*B | 18     | 16     | -      | -      | 48     | 0    | 0    | -    | -    | -     | 0    | 0    | 
|fir         | A*B            | 18     | 16     | -      | -      | 48     | 0    | 0    | -    | -    | -     | 0    | 0    | 
|fir         | (PCIN>>17)+A*B | 16     | 16     | -      | -      | 48     | 0    | 0    | -    | -    | -     | 0    | 0    | 
+------------+----------------+--------+--------+--------+--------+--------+------+------+------+------+-------+------+------+

Note: The table above is a preliminary report that shows the DSPs inferred at the current stage of the synthesis flow. Some DSP may be reimplemented as non DSP primitives later in the synthesis flow. Multiple instantiated DSPs are reported only once.
---------------------------------------------------------------------------------
Finished ROM, RAM, DSP, Shift Register and Retiming Reporting
---------------------------------------------------------------------------------
No constraint files found.
---------------------------------------------------------------------------------
Start Timing Optimization
---------------------------------------------------------------------------------
---------------------------------------------------------------------------------
Finished Timing Optimization : Time (s): cpu = 00:00:19 ; elapsed = 00:00:20 . Memory (MB): peak = 2882.367 ; gain = 8.004 ; free physical = 2882 ; free virtual = 6880
---------------------------------------------------------------------------------
---------------------------------------------------------------------------------
Start Technology Mapping
---------------------------------------------------------------------------------
---------------------------------------------------------------------------------
Finished Technology Mapping : Time (s): cpu = 00:00:19 ; elapsed = 00:00:21 . Memory (MB): peak = 2882.367 ; gain = 8.004 ; free physical = 2880 ; free virtual = 6879
---------------------------------------------------------------------------------
---------------------------------------------------------------------------------
Start IO Insertion
---------------------------------------------------------------------------------
---------------------------------------------------------------------------------
Start Flattening Before IO Insertion
---------------------------------------------------------------------------------
---------------------------------------------------------------------------------
Finished Flattening Before IO Insertion
---------------------------------------------------------------------------------
---------------------------------------------------------------------------------
Start Final Netlist Cleanup
---------------------------------------------------------------------------------
---------------------------------------------------------------------------------
Finished Final Netlist Cleanup
---------------------------------------------------------------------------------
---------------------------------------------------------------------------------
Finished IO Insertion : Time (s): cpu = 00:00:26 ; elapsed = 00:00:27 . Memory (MB): peak = 2882.367 ; gain = 8.004 ; free physical = 2880 ; free virtual = 6879
---------------------------------------------------------------------------------
---------------------------------------------------------------------------------
Start Renaming Generated Instances
---------------------------------------------------------------------------------
---------------------------------------------------------------------------------
Finished Renaming Generated Instances : Time (s): cpu = 00:00:26 ; elapsed = 00:00:27 . Memory (MB): peak = 2882.367 ; gain = 8.004 ; free physical = 2880 ; free virtual = 6879
---------------------------------------------------------------------------------
---------------------------------------------------------------------------------
Start Rebuilding User Hierarchy
---------------------------------------------------------------------------------
---------------------------------------------------------------------------------
Finished Rebuilding User Hierarchy : Time (s): cpu = 00:00:26 ; elapsed = 00:00:27 . Memory (MB): peak = 2882.367 ; gain = 8.004 ; free physical = 2880 ; free virtual = 6879
---------------------------------------------------------------------------------
---------------------------------------------------------------------------------
Start Renaming Generated Ports
---------------------------------------------------------------------------------
---------------------------------------------------------------------------------
Finished Renaming Generated Ports : Time (s): cpu = 00:00:26 ; elapsed = 00:00:27 . Memory (MB): peak = 2882.367 ; gain = 8.004 ; free physical = 2880 ; free virtual = 6879
---------------------------------------------------------------------------------
---------------------------------------------------------------------------------
Start Handling Custom Attributes
---------------------------------------------------------------------------------
---------------------------------------------------------------------------------
Finished Handling Custom Attributes : Time (s): cpu = 00:00:26 ; elapsed = 00:00:27 . Memory (MB): peak = 2882.367 ; gain = 8.004 ; free physical = 2880 ; free virtual = 6879
---------------------------------------------------------------------------------
---------------------------------------------------------------------------------
Start Renaming Generated Nets
---------------------------------------------------------------------------------
---------------------------------------------------------------------------------
Finished Renaming Generated Nets : Time (s): cpu = 00:00:26 ; elapsed = 00:00:27 . Memory (MB): peak = 2882.367 ; gain = 8.004 ; free physical = 2880 ; free virtual = 6879
---------------------------------------------------------------------------------
---------------------------------------------------------------------------------
Start Writing Synthesis Report
---------------------------------------------------------------------------------

DSP Final Report (the ' indicates corresponding REG is set)
+------------+--------------+--------+--------+--------+--------+--------+------+------+------+------+-------+------+------+
|Module Name | DSP Mapping  | A Size | B Size | C Size | D Size | P Size | AREG | BREG | CREG | DREG | ADREG | MREG | PREG | 
+------------+--------------+--------+--------+--------+--------+--------+------+------+------+------+-------+------+------+
|fir         | A*B          | 17     | 17     | -      | -      | 48     | 0    | 0    | -    | -    | -     | 0    | 0    | 
|fir         | PCIN>>17+A*B | 0      | 15     | -      | -      | 48     | 0    | 0    | -    | -    | -     | 0    | 0    | 
|fir         | A*B          | 17     | 15     | -      | -      | 48     | 0    | 0    | -    | -    | -     | 0    | 0    | 
+------------+--------------+--------+--------+--------+--------+--------+------+------+------+------+-------+------+------+


Report BlackBoxes: 
+-+--------------+----------+
| |BlackBox name |Instances |
+-+--------------+----------+
+-+--------------+----------+

Report Cell Usage: 
+------+--------+------+
|      |Cell    |Count |
+------+--------+------+
|1     |BUFG    |     1|
|2     |CARRY4  |    98|
|3     |DSP48E1 |     3|
|4     |LUT1    |    85|
|5     |LUT2    |   243|
|6     |LUT3    |    72|
|7     |LUT4    |    70|
|8     |LUT5    |   120|
|9     |LUT6    |    72|
|10    |FDCE    |   284|
|11    |FDPE    |     2|
|12    |IBUF    |   160|
|13    |OBUF    |   169|
+------+--------+------+

Report Instance Areas: 
+------+---------+-------+------+
|      |Instance |Module |Cells |
+------+---------+-------+------+
|1     |top      |       |  1379|
+------+---------+-------+------+
---------------------------------------------------------------------------------
Finished Writing Synthesis Report : Time (s): cpu = 00:00:26 ; elapsed = 00:00:27 . Memory (MB): peak = 2882.367 ; gain = 8.004 ; free physical = 2880 ; free virtual = 6879
---------------------------------------------------------------------------------
Synthesis finished with 0 errors, 0 critical warnings and 32 warnings.
Synthesis Optimization Runtime : Time (s): cpu = 00:00:26 ; elapsed = 00:00:28 . Memory (MB): peak = 2882.367 ; gain = 8.004 ; free physical = 2880 ; free virtual = 6879
Synthesis Optimization Complete : Time (s): cpu = 00:00:26 ; elapsed = 00:00:28 . Memory (MB): peak = 2882.375 ; gain = 8.004 ; free physical = 2880 ; free virtual = 6879
INFO: [Project 1-571] Translating synthesized netlist
Netlist sorting complete. Time (s): cpu = 00:00:00.01 ; elapsed = 00:00:00.02 . Memory (MB): peak = 2882.375 ; gain = 0.000 ; free physical = 2982 ; free virtual = 6981
INFO: [Netlist 29-17] Analyzing 101 Unisim elements for replacement
INFO: [Netlist 29-28] Unisim Transformation completed in 0 CPU seconds
WARNING: [Netlist 29-101] Netlist 'fir' is not ideal for floorplanning, since the cellview 'fir' contains a large number of primitives.  Please consider enabling hierarchy in synthesis if you want to do floorplanning.
INFO: [Project 1-570] Preparing netlist for logic optimization
INFO: [Opt 31-138] Pushed 0 inverter(s) to 0 load pin(s).
Netlist sorting complete. Time (s): cpu = 00:00:00 ; elapsed = 00:00:00 . Memory (MB): peak = 2890.371 ; gain = 0.000 ; free physical = 2896 ; free virtual = 6908
INFO: [Project 1-111] Unisim Transformation Summary:
No Unisim elements were transformed.

Synth Design complete, checksum: a4e87daa
INFO: [Common 17-83] Releasing license: Synthesis
19 Infos, 33 Warnings, 0 Critical Warnings and 0 Errors encountered.
synth_design completed successfully
synth_design: Time (s): cpu = 00:00:32 ; elapsed = 00:00:31 . Memory (MB): peak = 2890.371 ; gain = 16.008 ; free physical = 3082 ; free virtual = 7094
INFO: [Common 17-1381] The checkpoint '/home/ubuntu/Vivado/Fir/Fir.runs/synth_1/fir.dcp' has been generated.
INFO: [runtcl-4] Executing : report_utilization -file fir_utilization_synth.rpt -pb fir_utilization_synth.pb
INFO: [Common 17-206] Exiting Vivado at Sun Mar 16 09:42:36 2025...
